# JRE version: OpenJDK Runtime Environment (11.0.1+3) (build 11.0.0.1+3-5)
# Java VM: OpenJDK 64-Bit Server VM (11.0.0.1+3-5, mixed mode, tiered, compressed oops, g1 gc, windows-amd64)
Heap:
 garbage-first heap   total 131072K, used 106787K [0x0000000080000000, 0x0000000100000000)
  region size 1024K, 7 young (7168K), 1 survivors (1024K)
 Metaspace       used 94776K, capacity 97818K, committed 97968K, reserved 602112K
  class space    used 12626K, capacity 13809K, committed 13824K, reserved 516096K
GC Heap History (10 events):
Event: 1372.926 GC heap before
{Heap before GC invocations=197 (full 0):
 garbage-first heap   total 131072K, used 93730K [0x0000000080000000, 0x0000000100000000)
  region size 1024K, 2 young (2048K), 1 survivors (1024K)
 Metaspace       used 93580K, capacity 96527K, committed 96816K, reserved 600064K
  class space    used 12408K, capacity 13574K, committed 13696K, reserved 516096K
}
Event: 1372.931 GC heap after
{Heap after GC invocations=198 (full 0):
 garbage-first heap   total 131072K, used 93922K [0x0000000080000000, 0x0000000100000000)
  region size 1024K, 1 young (1024K), 1 survivors (1024K)
 Metaspace       used 93580K, capacity 96527K, committed 96816K, reserved 600064K
  class space    used 12408K, capacity 13574K, committed 13696K, reserved 516096K
}
Event: 1375.363 GC heap before
{Heap before GC invocations=199 (full 0):
 garbage-first heap   total 131072K, used 107234K [0x0000000080000000, 0x0000000100000000)
  region size 1024K, 10 young (10240K), 1 survivors (1024K)
 Metaspace       used 93682K, capacity 96570K, committed 96816K, reserved 600064K
  class space    used 12425K, capacity 13611K, committed 13696K, reserved 516096K
}
Event: 1375.372 GC heap after
{Heap after GC invocations=200 (full 0):
 garbage-first heap   total 131072K, used 99800K [0x0000000080000000, 0x0000000100000000)
  region size 1024K, 2 young (2048K), 2 survivors (2048K)
 Metaspace       used 93682K, capacity 96570K, committed 96816K, reserved 600064K
  class space    used 12425K, capacity 13611K, committed 13696K, reserved 516096K
}
Event: 1376.757 GC heap before
{Heap before GC invocations=200 (full 0):
 garbage-first heap   total 131072K, used 107992K [0x0000000080000000, 0x0000000100000000)
  region size 1024K, 10 young (10240K), 2 survivors (2048K)
 Metaspace       used 94006K, capacity 96883K, committed 97072K, reserved 600064K
  class space    used 12474K, capacity 13655K, committed 13696K, reserved 516096K
}
Event: 1376.776 GC heap after
{Heap after GC invocations=201 (full 0):
 garbage-first heap   total 131072K, used 101019K [0x0000000080000000, 0x0000000100000000)
  region size 1024K, 1 young (1024K), 1 survivors (1024K)
 Metaspace       used 94006K, capacity 96883K, committed 97072K, reserved 600064K
  class space    used 12474K, capacity 13655K, committed 13696K, reserved 516096K
}
Event: 1384.236 GC heap before
{Heap before GC invocations=202 (full 0):
 garbage-first heap   total 131072K, used 109211K [0x0000000080000000, 0x0000000100000000)
  region size 1024K, 9 young (9216K), 1 survivors (1024K)
 Metaspace       used 94569K, capacity 97527K, committed 97712K, reserved 600064K
  class space    used 12599K, capacity 13780K, committed 13824K, reserved 516096K
}
Event: 1384.275 GC heap after
{Heap after GC invocations=203 (full 0):
 garbage-first heap   total 131072K, used 102184K [0x0000000080000000, 0x0000000100000000)
  region size 1024K, 2 young (2048K), 2 survivors (2048K)
 Metaspace       used 94569K, capacity 97527K, committed 97712K, reserved 600064K
  class space    used 12599K, capacity 13780K, committed 13824K, reserved 516096K
}
Event: 1388.079 GC heap before
{Heap before GC invocations=203 (full 0):
 garbage-first heap   total 131072K, used 106280K [0x0000000080000000, 0x0000000100000000)
  region size 1024K, 6 young (6144K), 2 survivors (2048K)
 Metaspace       used 94673K, capacity 97645K, committed 97712K, reserved 600064K
  class space    used 12613K, capacity 13795K, committed 13824K, reserved 516096K
}
Event: 1388.126 GC heap after
{Heap after GC invocations=204 (full 0):
 garbage-first heap   total 131072K, used 101667K [0x0000000080000000, 0x0000000100000000)
  region size 1024K, 1 young (1024K), 1 survivors (1024K)
 Metaspace       used 94673K, capacity 97645K, committed 97712K, reserved 600064K
  class space    used 12613K, capacity 13795K, committed 13824K, reserved 516096K
}

