# JRE version: OpenJDK Runtime Environment (11.0.1+3) (build 11.0.0.1+3-5)
# Java VM: OpenJDK 64-Bit Server VM (11.0.0.1+3-5, mixed mode, tiered, compressed oops, g1 gc, windows-amd64)
Heap:
 garbage-first heap   total 220160K, used 103064K [0x0000000080000000, 0x0000000100000000)
  region size 1024K, 20 young (20480K), 3 survivors (3072K)
 Metaspace       used 93279K, capacity 96161K, committed 96368K, reserved 600064K
  class space    used 12375K, capacity 13564K, committed 13680K, reserved 516096K
GC Heap History (10 events):
Event: 1265.744 GC heap before
{Heap before GC invocations=85 (full 0):
 garbage-first heap   total 220160K, used 90924K [0x0000000080000000, 0x0000000100000000)
  region size 1024K, 10 young (10240K), 2 survivors (2048K)
 Metaspace       used 90841K, capacity 93427K, committed 93552K, reserved 598016K
  class space    used 12025K, capacity 13071K, committed 13168K, reserved 516096K
}
Event: 1266.044 GC heap after
{Heap after GC invocations=86 (full 0):
 garbage-first heap   total 220160K, used 83405K [0x0000000080000000, 0x0000000100000000)
  region size 1024K, 1 young (1024K), 1 survivors (1024K)
 Metaspace       used 90841K, capacity 93427K, committed 93552K, reserved 598016K
  class space    used 12025K, capacity 13071K, committed 13168K, reserved 516096K
}
Event: 1287.844 GC heap before
{Heap before GC invocations=86 (full 0):
 garbage-first heap   total 220160K, used 92621K [0x0000000080000000, 0x0000000100000000)
  region size 1024K, 10 young (10240K), 1 survivors (1024K)
 Metaspace       used 91345K, capacity 93961K, committed 94064K, reserved 598016K
  class space    used 12093K, capacity 13139K, committed 13168K, reserved 516096K
}
Event: 1287.977 GC heap after
{Heap after GC invocations=87 (full 0):
 garbage-first heap   total 220160K, used 83834K [0x0000000080000000, 0x0000000100000000)
  region size 1024K, 2 young (2048K), 2 survivors (2048K)
 Metaspace       used 91345K, capacity 93961K, committed 94064K, reserved 598016K
  class space    used 12093K, capacity 13139K, committed 13168K, reserved 516096K
}
Event: 1299.203 GC heap before
{Heap before GC invocations=87 (full 0):
 garbage-first heap   total 220160K, used 97146K [0x0000000080000000, 0x0000000100000000)
  region size 1024K, 15 young (15360K), 2 survivors (2048K)
 Metaspace       used 91540K, capacity 94153K, committed 94448K, reserved 598016K
  class space    used 12136K, capacity 13181K, committed 13296K, reserved 516096K
}
Event: 1299.395 GC heap after
{Heap after GC invocations=88 (full 0):
 garbage-first heap   total 220160K, used 84936K [0x0000000080000000, 0x0000000100000000)
  region size 1024K, 2 young (2048K), 2 survivors (2048K)
 Metaspace       used 91540K, capacity 94153K, committed 94448K, reserved 598016K
  class space    used 12136K, capacity 13181K, committed 13296K, reserved 516096K
}
Event: 1353.097 GC heap before
{Heap before GC invocations=88 (full 0):
 garbage-first heap   total 220160K, used 99272K [0x0000000080000000, 0x0000000100000000)
  region size 1024K, 16 young (16384K), 2 survivors (2048K)
 Metaspace       used 92053K, capacity 94731K, committed 94832K, reserved 598016K
  class space    used 12221K, capacity 13336K, committed 13424K, reserved 516096K
}
Event: 1353.185 GC heap after
{Heap after GC invocations=89 (full 0):
 garbage-first heap   total 220160K, used 86344K [0x0000000080000000, 0x0000000100000000)
  region size 1024K, 2 young (2048K), 2 survivors (2048K)
 Metaspace       used 92053K, capacity 94731K, committed 94832K, reserved 598016K
  class space    used 12221K, capacity 13336K, committed 13424K, reserved 516096K
}
Event: 1359.804 GC heap before
{Heap before GC invocations=89 (full 0):
 garbage-first heap   total 220160K, used 103752K [0x0000000080000000, 0x0000000100000000)
  region size 1024K, 19 young (19456K), 2 survivors (2048K)
 Metaspace       used 92651K, capacity 95487K, committed 95728K, reserved 600064K
  class space    used 12292K, capacity 13456K, committed 13552K, reserved 516096K
}
Event: 1359.823 GC heap after
{Heap after GC invocations=90 (full 0):
 garbage-first heap   total 220160K, used 87704K [0x0000000080000000, 0x0000000100000000)
  region size 1024K, 3 young (3072K), 3 survivors (3072K)
 Metaspace       used 92651K, capacity 95487K, committed 95728K, reserved 600064K
  class space    used 12292K, capacity 13456K, committed 13552K, reserved 516096K
}

