# JRE version: OpenJDK Runtime Environment (11.0.1+3) (build 11.0.0.1+3-5)
# Java VM: OpenJDK 64-Bit Server VM (11.0.0.1+3-5, mixed mode, tiered, compressed oops, g1 gc, windows-amd64)
Heap:
 garbage-first heap   total 420864K, used 111522K [0x0000000080000000, 0x0000000100000000)
  region size 1024K, 20 young (20480K), 3 survivors (3072K)
 Metaspace       used 93808K, capacity 96748K, committed 97000K, reserved 600064K
  class space    used 12434K, capacity 13652K, committed 13696K, reserved 516096K
GC Heap History (10 events):
Event: 1372.208 GC heap before
{Heap before GC invocations=166 (full 0):
 garbage-first heap   total 420864K, used 102145K [0x0000000080000000, 0x0000000100000000)
  region size 1024K, 20 young (20480K), 1 survivors (1024K)
 Metaspace       used 90923K, capacity 93437K, committed 93672K, reserved 598016K
  class space    used 12023K, capacity 13071K, committed 13184K, reserved 516096K
}
Event: 1372.245 GC heap after
{Heap after GC invocations=167 (full 0):
 garbage-first heap   total 420864K, used 83780K [0x0000000080000000, 0x0000000100000000)
  region size 1024K, 2 young (2048K), 2 survivors (2048K)
 Metaspace       used 90923K, capacity 93437K, committed 93672K, reserved 598016K
  class space    used 12023K, capacity 13071K, committed 13184K, reserved 516096K
}
Event: 1377.225 GC heap before
{Heap before GC invocations=167 (full 0):
 garbage-first heap   total 420864K, used 101188K [0x0000000080000000, 0x0000000100000000)
  region size 1024K, 20 young (20480K), 2 survivors (2048K)
 Metaspace       used 91567K, capacity 94099K, committed 94184K, reserved 598016K
  class space    used 12123K, capacity 13181K, committed 13184K, reserved 516096K
}
Event: 1377.234 GC heap after
{Heap after GC invocations=168 (full 0):
 garbage-first heap   total 420864K, used 85309K [0x0000000080000000, 0x0000000100000000)
  region size 1024K, 3 young (3072K), 3 survivors (3072K)
 Metaspace       used 91567K, capacity 94099K, committed 94184K, reserved 598016K
  class space    used 12123K, capacity 13181K, committed 13184K, reserved 516096K
}
Event: 1380.256 GC heap before
{Heap before GC invocations=168 (full 0):
 garbage-first heap   total 420864K, used 102717K [0x0000000080000000, 0x0000000100000000)
  region size 1024K, 20 young (20480K), 3 survivors (3072K)
 Metaspace       used 92140K, capacity 94781K, committed 94824K, reserved 598016K
  class space    used 12217K, capacity 13308K, committed 13312K, reserved 516096K
}
Event: 1380.270 GC heap after
{Heap after GC invocations=169 (full 0):
 garbage-first heap   total 420864K, used 87018K [0x0000000080000000, 0x0000000100000000)
  region size 1024K, 3 young (3072K), 3 survivors (3072K)
 Metaspace       used 92140K, capacity 94781K, committed 94824K, reserved 598016K
  class space    used 12217K, capacity 13308K, committed 13312K, reserved 516096K
}
Event: 1383.585 GC heap before
{Heap before GC invocations=169 (full 0):
 garbage-first heap   total 420864K, used 104426K [0x0000000080000000, 0x0000000100000000)
  region size 1024K, 20 young (20480K), 3 survivors (3072K)
 Metaspace       used 92859K, capacity 95537K, committed 95720K, reserved 600064K
  class space    used 12301K, capacity 13428K, committed 13440K, reserved 516096K
}
Event: 1383.613 GC heap after
{Heap after GC invocations=170 (full 0):
 garbage-first heap   total 420864K, used 88764K [0x0000000080000000, 0x0000000100000000)
  region size 1024K, 2 young (2048K), 2 survivors (2048K)
 Metaspace       used 92859K, capacity 95537K, committed 95720K, reserved 600064K
  class space    used 12301K, capacity 13428K, committed 13440K, reserved 516096K
}
Event: 1395.183 GC heap before
{Heap before GC invocations=170 (full 0):
 garbage-first heap   total 420864K, used 107196K [0x0000000080000000, 0x0000000100000000)
  region size 1024K, 20 young (20480K), 2 survivors (2048K)
 Metaspace       used 93481K, capacity 96349K, committed 96616K, reserved 600064K
  class space    used 12389K, capacity 13538K, committed 13568K, reserved 516096K
}
Event: 1395.200 GC heap after
{Heap after GC invocations=171 (full 0):
 garbage-first heap   total 420864K, used 90018K [0x0000000080000000, 0x0000000100000000)
  region size 1024K, 3 young (3072K), 3 survivors (3072K)
 Metaspace       used 93481K, capacity 96349K, committed 96616K, reserved 600064K
  class space    used 12389K, capacity 13538K, committed 13568K, reserved 516096K
}

